This file contains any messages produced by compilers while
running configure, to aid debugging if configure makes a mistake.

It was created by libsigrok configure 0.6.0, which was
generated by GNU Autoconf 2.71.  Invocation command line was

  $ ../configure --prefix=/dbg CPPFLAGS=-DDEBUG 'CFLAGS=-g -O0'

## --------- ##
## Platform. ##
## --------- ##

hostname = martin
uname -m = x86_64
uname -r = 5.15.145-1-MANJARO
uname -s = Linux
uname -v = #1 SMP PREEMPT Sun Dec 24 05:48:47 UTC 2023

/usr/bin/uname -p = unknown
/bin/uname -X     = unknown

/bin/arch              = unknown
/usr/bin/arch -k       = unknown
/usr/convex/getsysinfo = unknown
/usr/bin/hostinfo      = unknown
/bin/machine           = unknown
/usr/bin/oslevel       = unknown
/bin/universe          = unknown

PATH: /opt/clang-format-static/
PATH: /home/martin/.local/bin/
PATH: /usr/local/bin/
PATH: /usr/bin/
PATH: /var/lib/snapd/snap/bin/
PATH: /usr/local/sbin/
PATH: /opt/android-ndk/
PATH: /opt/android-sdk/cmdline-tools/latest/bin/
PATH: /home/martin/.local/share/flatpak/exports/bin/
PATH: /var/lib/flatpak/exports/bin/
PATH: /opt/flutter/bin/
PATH: /usr/lib/jvm/default/bin/
PATH: /usr/bin/site_perl/
PATH: /usr/bin/vendor_perl/
PATH: /usr/bin/core_perl/
PATH: /usr/lib/rustup/bin/
PATH: /home/martin/GIT/ParaglideLogEvaluationMap/
PATH: /home/martin/.cargo/bin/
PATH: /opt/android-sdk/cmdline-tools/latest/bin/


## ----------- ##
## Core tests. ##
## ----------- ##

configure:3623: looking for aux files: ltmain.sh config.guess config.sub compile ar-lib missing install-sh
configure:3636:  trying ../autostuff/
configure:3665:   ../autostuff/ltmain.sh found
configure:3665:   ../autostuff/config.guess found
configure:3665:   ../autostuff/config.sub found
configure:3665:   ../autostuff/compile found
configure:3665:   ../autostuff/ar-lib found
configure:3665:   ../autostuff/missing found
configure:3647:   ../autostuff/install-sh found
configure:3800: checking for a BSD-compatible install
configure:3873: result: /usr/bin/install -c
configure:3884: checking whether build environment is sane
configure:3939: result: yes
configure:4098: checking for a race-free mkdir -p
configure:4142: result: /usr/bin/mkdir -p
configure:4149: checking for gawk
configure:4170: found /usr/bin/gawk
configure:4181: result: gawk
configure:4192: checking whether make sets $(MAKE)
configure:4215: result: yes
configure:4245: checking whether make supports nested variables
configure:4263: result: yes
configure:4280: error: source directory already configured; run "make distclean" there first

## ---------------- ##
## Cache variables. ##
## ---------------- ##

ac_cv_env_CCC_set=
ac_cv_env_CCC_value=
ac_cv_env_CC_set=
ac_cv_env_CC_value=
ac_cv_env_CFLAGS_set=set
ac_cv_env_CFLAGS_value='-g -O0'
ac_cv_env_CPPFLAGS_set=set
ac_cv_env_CPPFLAGS_value=-DDEBUG
ac_cv_env_CXXCPP_set=
ac_cv_env_CXXCPP_value=
ac_cv_env_CXXFLAGS_set=
ac_cv_env_CXXFLAGS_value=
ac_cv_env_CXX_set=
ac_cv_env_CXX_value=
ac_cv_env_LDFLAGS_set=
ac_cv_env_LDFLAGS_value=
ac_cv_env_LIBSIGROKCXX_CFLAGS_set=
ac_cv_env_LIBSIGROKCXX_CFLAGS_value=
ac_cv_env_LIBSIGROKCXX_LIBS_set=
ac_cv_env_LIBSIGROKCXX_LIBS_value=
ac_cv_env_LIBSIGROK_CFLAGS_set=
ac_cv_env_LIBSIGROK_CFLAGS_value=
ac_cv_env_LIBSIGROK_LIBS_set=
ac_cv_env_LIBSIGROK_LIBS_value=
ac_cv_env_LIBS_set=
ac_cv_env_LIBS_value=
ac_cv_env_LT_SYS_LIBRARY_PATH_set=
ac_cv_env_LT_SYS_LIBRARY_PATH_value=
ac_cv_env_PKG_CONFIG_LIBDIR_set=
ac_cv_env_PKG_CONFIG_LIBDIR_value=
ac_cv_env_PKG_CONFIG_PATH_set=
ac_cv_env_PKG_CONFIG_PATH_value=
ac_cv_env_PKG_CONFIG_set=
ac_cv_env_PKG_CONFIG_value=
ac_cv_env_PYSIGROK_CFLAGS_set=
ac_cv_env_PYSIGROK_CFLAGS_value=
ac_cv_env_PYSIGROK_LIBS_set=
ac_cv_env_PYSIGROK_LIBS_value=
ac_cv_env_PYTHON_set=
ac_cv_env_PYTHON_value=
ac_cv_env_RBSIGROK_CFLAGS_set=
ac_cv_env_RBSIGROK_CFLAGS_value=
ac_cv_env_RBSIGROK_LIBS_set=
ac_cv_env_RBSIGROK_LIBS_value=
ac_cv_env_TESTS_CFLAGS_set=
ac_cv_env_TESTS_CFLAGS_value=
ac_cv_env_TESTS_LIBS_set=
ac_cv_env_TESTS_LIBS_value=
ac_cv_env_TIRPC_CFLAGS_set=
ac_cv_env_TIRPC_CFLAGS_value=
ac_cv_env_TIRPC_LIBS_set=
ac_cv_env_TIRPC_LIBS_value=
ac_cv_env_build_alias_set=
ac_cv_env_build_alias_value=
ac_cv_env_host_alias_set=
ac_cv_env_host_alias_value=
ac_cv_env_target_alias_set=
ac_cv_env_target_alias_value=
ac_cv_path_install='/usr/bin/install -c'
ac_cv_path_mkdir=/usr/bin/mkdir
ac_cv_prog_AWK=gawk
ac_cv_prog_make_make_set=yes
am_cv_make_support_nested_variables=yes

## ----------------- ##
## Output variables. ##
## ----------------- ##

ACLOCAL=''
AMDEPBACKSLASH=''
AMDEP_FALSE=''
AMDEP_TRUE=''
AMTAR=''
AM_BACKSLASH='\'
AM_DEFAULT_V='$(AM_DEFAULT_VERBOSITY)'
AM_DEFAULT_VERBOSITY='1'
AM_V='$(V)'
AR=''
AUTOCONF=''
AUTOHEADER=''
AUTOMAKE=''
AWK='gawk'
BINDINGS_CXX_FALSE=''
BINDINGS_CXX_TRUE=''
BINDINGS_JAVA_FALSE=''
BINDINGS_JAVA_TRUE=''
BINDINGS_PYTHON_FALSE=''
BINDINGS_PYTHON_TRUE=''
BINDINGS_RUBY_FALSE=''
BINDINGS_RUBY_TRUE=''
CC=''
CCDEPMODE=''
CFLAGS='-g -O0'
CONFIG_STATUS_DEPENDENCIES=''
CPPFLAGS='-DDEBUG'
CSCOPE=''
CTAGS=''
CXX=''
CXXCPP=''
CXXDEPMODE=''
CXXFLAGS=''
CYGPATH_W=''
DEFS=''
DEPDIR=''
DLLTOOL=''
DSYMUTIL=''
DUMPBIN=''
ECHO_C=''
ECHO_N='-n'
ECHO_T=''
EGREP=''
ETAGS=''
EXEEXT=''
FGREP=''
FILECMD=''
GREP=''
HAVE_CHECK_FALSE=''
HAVE_CHECK_TRUE=''
HAVE_CXX11=''
HAVE_CXX14=''
HAVE_CXX17=''
HAVE_DOXYGEN=''
HAVE_INPUT_STF_FALSE=''
HAVE_INPUT_STF_TRUE=''
HAVE_JAVAC=''
HAVE_ZLIB_FALSE=''
HAVE_ZLIB_TRUE=''
HW_AGILENT_DMM_FALSE=''
HW_AGILENT_DMM_TRUE=''
HW_APPA_55II_FALSE=''
HW_APPA_55II_TRUE=''
HW_ARACHNID_LABS_RE_LOAD_PRO_FALSE=''
HW_ARACHNID_LABS_RE_LOAD_PRO_TRUE=''
HW_ASIX_OMEGA_RTM_CLI_FALSE=''
HW_ASIX_OMEGA_RTM_CLI_TRUE=''
HW_ASIX_SIGMA_FALSE=''
HW_ASIX_SIGMA_TRUE=''
HW_ATORCH_FALSE=''
HW_ATORCH_TRUE=''
HW_ATTEN_PPS3XXX_FALSE=''
HW_ATTEN_PPS3XXX_TRUE=''
HW_BAYLIBRE_ACME_FALSE=''
HW_BAYLIBRE_ACME_TRUE=''
HW_BEAGLELOGIC_FALSE=''
HW_BEAGLELOGIC_TRUE=''
HW_CEM_DT_885X_FALSE=''
HW_CEM_DT_885X_TRUE=''
HW_CENTER_3XX_FALSE=''
HW_CENTER_3XX_TRUE=''
HW_CHRONOVU_LA_FALSE=''
HW_CHRONOVU_LA_TRUE=''
HW_COLEAD_SLM_FALSE=''
HW_COLEAD_SLM_TRUE=''
HW_CONRAD_DIGI_35_CPU_FALSE=''
HW_CONRAD_DIGI_35_CPU_TRUE=''
HW_DCTTECH_USBRELAY_FALSE=''
HW_DCTTECH_USBRELAY_TRUE=''
HW_DEMO_FALSE=''
HW_DEMO_TRUE=''
HW_DEVANTECH_ETH008_FALSE=''
HW_DEVANTECH_ETH008_TRUE=''
HW_DREAMSOURCELAB_DSLOGIC_FALSE=''
HW_DREAMSOURCELAB_DSLOGIC_TRUE=''
HW_FLUKE_45_FALSE=''
HW_FLUKE_45_TRUE=''
HW_FLUKE_DMM_FALSE=''
HW_FLUKE_DMM_TRUE=''
HW_FTDI_LA_FALSE=''
HW_FTDI_LA_TRUE=''
HW_FX2LAFW_FALSE=''
HW_FX2LAFW_TRUE=''
HW_GMC_MH_1X_2X_FALSE=''
HW_GMC_MH_1X_2X_TRUE=''
HW_GREATFET_FALSE=''
HW_GREATFET_TRUE=''
HW_GWINSTEK_GDS_800_FALSE=''
HW_GWINSTEK_GDS_800_TRUE=''
HW_GWINSTEK_GPD_FALSE=''
HW_GWINSTEK_GPD_TRUE=''
HW_HAMEG_HMO_FALSE=''
HW_HAMEG_HMO_TRUE=''
HW_HANTEK_4032L_FALSE=''
HW_HANTEK_4032L_TRUE=''
HW_HANTEK_6XXX_FALSE=''
HW_HANTEK_6XXX_TRUE=''
HW_HANTEK_DSO_FALSE=''
HW_HANTEK_DSO_TRUE=''
HW_HP_3457A_FALSE=''
HW_HP_3457A_TRUE=''
HW_HP_3478A_FALSE=''
HW_HP_3478A_TRUE=''
HW_HP_59306A_FALSE=''
HW_HP_59306A_TRUE=''
HW_HUNG_CHANG_DSO_2100_FALSE=''
HW_HUNG_CHANG_DSO_2100_TRUE=''
HW_ICSTATION_USBRELAY_FALSE=''
HW_ICSTATION_USBRELAY_TRUE=''
HW_IKALOGIC_SCANALOGIC2_FALSE=''
HW_IKALOGIC_SCANALOGIC2_TRUE=''
HW_IKALOGIC_SCANAPLUS_FALSE=''
HW_IKALOGIC_SCANAPLUS_TRUE=''
HW_IPDBG_LA_FALSE=''
HW_IPDBG_LA_TRUE=''
HW_ITECH_IT8500_FALSE=''
HW_ITECH_IT8500_TRUE=''
HW_JUNTEK_JDS6600_FALSE=''
HW_JUNTEK_JDS6600_TRUE=''
HW_KECHENG_KC_330B_FALSE=''
HW_KECHENG_KC_330B_TRUE=''
HW_KERN_SCALE_FALSE=''
HW_KERN_SCALE_TRUE=''
HW_KINGST_LA2016_FALSE=''
HW_KINGST_LA2016_TRUE=''
HW_KORAD_KAXXXXP_FALSE=''
HW_KORAD_KAXXXXP_TRUE=''
HW_LASCAR_EL_USB_FALSE=''
HW_LASCAR_EL_USB_TRUE=''
HW_LECROY_LOGICSTUDIO_FALSE=''
HW_LECROY_LOGICSTUDIO_TRUE=''
HW_LECROY_XSTREAM_FALSE=''
HW_LECROY_XSTREAM_TRUE=''
HW_MANSON_HCS_3XXX_FALSE=''
HW_MANSON_HCS_3XXX_TRUE=''
HW_MASTECH_MS6514_FALSE=''
HW_MASTECH_MS6514_TRUE=''
HW_MAYNUO_M97_FALSE=''
HW_MAYNUO_M97_TRUE=''
HW_MICROCHIP_PICKIT2_FALSE=''
HW_MICROCHIP_PICKIT2_TRUE=''
HW_MIC_985XX_FALSE=''
HW_MIC_985XX_TRUE=''
HW_MOOSHIMETER_DMM_FALSE=''
HW_MOOSHIMETER_DMM_TRUE=''
HW_MOTECH_LPS_30X_FALSE=''
HW_MOTECH_LPS_30X_TRUE=''
HW_NORMA_DMM_FALSE=''
HW_NORMA_DMM_TRUE=''
HW_OPENBENCH_LOGIC_SNIFFER_FALSE=''
HW_OPENBENCH_LOGIC_SNIFFER_TRUE=''
HW_PCE_322A_FALSE=''
HW_PCE_322A_TRUE=''
HW_PIPISTRELLO_OLS_FALSE=''
HW_PIPISTRELLO_OLS_TRUE=''
HW_RASPBERRYPI_PICO_FALSE=''
HW_RASPBERRYPI_PICO_TRUE=''
HW_RDTECH_DPS_FALSE=''
HW_RDTECH_DPS_TRUE=''
HW_RDTECH_TC_FALSE=''
HW_RDTECH_TC_TRUE=''
HW_RDTECH_UM_FALSE=''
HW_RDTECH_UM_TRUE=''
HW_RIGOL_DG_FALSE=''
HW_RIGOL_DG_TRUE=''
HW_RIGOL_DS_FALSE=''
HW_RIGOL_DS_TRUE=''
HW_ROHDE_SCHWARZ_SME_0X_FALSE=''
HW_ROHDE_SCHWARZ_SME_0X_TRUE=''
HW_SALEAE_LOGIC16_FALSE=''
HW_SALEAE_LOGIC16_TRUE=''
HW_SALEAE_LOGIC_PRO_FALSE=''
HW_SALEAE_LOGIC_PRO_TRUE=''
HW_SCPI_DMM_FALSE=''
HW_SCPI_DMM_TRUE=''
HW_SCPI_PPS_FALSE=''
HW_SCPI_PPS_TRUE=''
HW_SERIAL_DMM_FALSE=''
HW_SERIAL_DMM_TRUE=''
HW_SERIAL_LCR_FALSE=''
HW_SERIAL_LCR_TRUE=''
HW_SIGLENT_SDS_FALSE=''
HW_SIGLENT_SDS_TRUE=''
HW_SYSCLK_LWLA_FALSE=''
HW_SYSCLK_LWLA_TRUE=''
HW_SYSCLK_SLA5032_FALSE=''
HW_SYSCLK_SLA5032_TRUE=''
HW_TELEINFO_FALSE=''
HW_TELEINFO_TRUE=''
HW_TESTO_FALSE=''
HW_TESTO_TRUE=''
HW_TONDAJ_SL_814_FALSE=''
HW_TONDAJ_SL_814_TRUE=''
HW_UNI_T_DMM_FALSE=''
HW_UNI_T_DMM_TRUE=''
HW_UNI_T_UT181A_FALSE=''
HW_UNI_T_UT181A_TRUE=''
HW_UNI_T_UT32X_FALSE=''
HW_UNI_T_UT32X_TRUE=''
HW_YOKOGAWA_DLM_FALSE=''
HW_YOKOGAWA_DLM_TRUE=''
HW_ZEROPLUS_LOGIC_CUBE_FALSE=''
HW_ZEROPLUS_LOGIC_CUBE_TRUE=''
HW_ZKETECH_EBD_USB_FALSE=''
HW_ZKETECH_EBD_USB_TRUE=''
INSTALL_DATA='${INSTALL} -m 644'
INSTALL_PROGRAM='${INSTALL}'
INSTALL_SCRIPT='${INSTALL}'
INSTALL_STRIP_PROGRAM='$(install_sh) -c -s'
JAVAC=''
JNI_CPPFLAGS=''
LD=''
LDFLAGS=''
LIBOBJS=''
LIBS=''
LIBSIGROKCXX_CFLAGS=''
LIBSIGROKCXX_LIBS=''
LIBSIGROK_CFLAGS=''
LIBSIGROK_LIBS=''
LIBTOOL=''
LIPO=''
LN_S=''
LTLIBOBJS=''
LT_SYS_LIBRARY_PATH=''
MAKEINFO=''
MANIFEST_TOOL=''
MKDIR_P='/usr/bin/mkdir -p'
NEED_GPIB_FALSE=''
NEED_GPIB_TRUE=''
NEED_RPC_FALSE=''
NEED_RPC_TRUE=''
NEED_SERIAL_FALSE=''
NEED_SERIAL_TRUE=''
NEED_USB_FALSE=''
NEED_USB_TRUE=''
NEED_VISA_FALSE=''
NEED_VISA_TRUE=''
NM=''
NMEDIT=''
OBJDUMP=''
OBJEXT=''
ORDER=''
OTOOL64=''
OTOOL=''
PACKAGE=''
PACKAGE_BUGREPORT='sigrok-devel@lists.sourceforge.net'
PACKAGE_NAME='libsigrok'
PACKAGE_STRING='libsigrok 0.6.0'
PACKAGE_TARNAME='libsigrok'
PACKAGE_URL='http://www.sigrok.org'
PACKAGE_VERSION='0.6.0'
PATH_SEPARATOR=':'
PKG_CONFIG=''
PKG_CONFIG_LIBDIR=''
PKG_CONFIG_PATH=''
PYSIGROK_CFLAGS=''
PYSIGROK_LIBS=''
PYTHON=''
PYTHON_EXEC_PREFIX=''
PYTHON_PLATFORM=''
PYTHON_PREFIX=''
PYTHON_VERSION=''
RANLIB=''
RBSIGROK_CFLAGS=''
RBSIGROK_EXTDIR=''
RBSIGROK_LIBS=''
RPC_CFLAGS=''
RPC_LIBS=''
RUBY=''
RUBY_DLEXT=''
SED=''
SET_MAKE=''
SHELL='/bin/sh'
SR_EXTRA_CFLAGS=''
SR_EXTRA_CXX_LIBS=''
SR_EXTRA_LIBS=''
SR_GLIBMM_REQUIRES=''
SR_LIB_VERSION=''
SR_PACKAGE_VERSION=''
SR_PKGLIBS=''
SR_WFLAGS=''
SR_WXXFLAGS=''
STRIP=''
SWIG=''
TESTS_CFLAGS=''
TESTS_LIBS=''
TIRPC_CFLAGS=''
TIRPC_LIBS=''
VCS_IS_GIT_FALSE=''
VCS_IS_GIT_TRUE=''
VERSION=''
VERSION_GITVERSION_DEPS=''
VERSION_HEAD_FILE=''
VERSION_SOURCE_DIR=''
VERSION_TAG_MATCH=''
VERSION_TAG_NUMBER=''
VERSION_TAG_PREFIX=''
WIN32_FALSE=''
WIN32_TRUE=''
_ACJNI_JAVAC=''
ac_ct_AR=''
ac_ct_CC=''
ac_ct_CXX=''
ac_ct_DUMPBIN=''
am__EXEEXT_FALSE=''
am__EXEEXT_TRUE=''
am__fastdepCC_FALSE=''
am__fastdepCC_TRUE=''
am__fastdepCXX_FALSE=''
am__fastdepCXX_TRUE=''
am__include=''
am__isrc=' -I$(srcdir)'
am__leading_dot='.'
am__nodep=''
am__quote=''
am__tar=''
am__untar=''
bindir='${exec_prefix}/bin'
build=''
build_alias=''
build_cpu=''
build_os=''
build_vendor=''
datadir='${datarootdir}'
datarootdir='${prefix}/share'
docdir='${datarootdir}/doc/${PACKAGE_TARNAME}'
dvidir='${docdir}'
exec_prefix='NONE'
host=''
host_alias=''
host_cpu=''
host_os=''
host_vendor=''
htmldir='${docdir}'
includedir='${prefix}/include'
infodir='${datarootdir}/info'
install_sh='${SHELL} /home/martin/GIT/libsigrok/autostuff/install-sh'
libdir='${exec_prefix}/lib'
libexecdir='${exec_prefix}/libexec'
localedir='${datarootdir}/locale'
localstatedir='${prefix}/var'
mandir='${datarootdir}/man'
mkdir_p=''
oldincludedir='/usr/include'
pdfdir='${docdir}'
pkgpyexecdir=''
pkgpythondir=''
prefix='/dbg'
program_transform_name='s,x,x,'
psdir='${docdir}'
pyexecdir=''
pythondir=''
runstatedir='${localstatedir}/run'
sbindir='${exec_prefix}/sbin'
sharedstatedir='${prefix}/com'
sysconfdir='${prefix}/etc'
target_alias=''

## ----------- ##
## confdefs.h. ##
## ----------- ##

/* confdefs.h */
#define PACKAGE_NAME "libsigrok"
#define PACKAGE_TARNAME "libsigrok"
#define PACKAGE_VERSION "0.6.0"
#define PACKAGE_STRING "libsigrok 0.6.0"
#define PACKAGE_BUGREPORT "sigrok-devel@lists.sourceforge.net"
#define PACKAGE_URL "http://www.sigrok.org"

configure: exit 1
